<?xml version="1.0" encoding="UTF-8"?>
<testng-results ignored="0" total="1" passed="1" failed="0" skipped="0">
  <reporter-output>
  </reporter-output>
  <suite started-at="2025-01-28T18:33:58Z" name="Default suite" finished-at="2025-01-28T18:34:02Z" duration-ms="4029">
    <groups>
    </groups>
    <test started-at="2025-01-28T18:33:58Z" name="Default test" finished-at="2025-01-28T18:34:02Z" duration-ms="4029">
      <class name="logueoTesting.TC01_Logueo">
        <test-method is-config="true" signature="loadLinkedIn()[pri:0, instance:logueoTesting.TC01_Logueo@5c10285a]" started-at="2025-01-28T12:33:58Z" name="loadLinkedIn" finished-at="2025-01-28T12:33:58Z" duration-ms="748" status="PASS">
          <reporter-output>
          </reporter-output>
        </test-method> <!-- loadLinkedIn -->
        <test-method signature="TC01_Credenciales_Validas()[pri:0, instance:logueoTesting.TC01_Logueo@5c10285a]" started-at="2025-01-28T12:33:58Z" name="TC01_Credenciales_Validas" finished-at="2025-01-28T12:34:02Z" duration-ms="3270" status="PASS">
          <reporter-output>
          </reporter-output>
        </test-method> <!-- TC01_Credenciales_Validas -->
        <test-method is-config="true" signature="afterTest()[pri:0, instance:logueoTesting.TC01_Logueo@5c10285a]" started-at="2025-01-28T12:34:02Z" name="afterTest" finished-at="2025-01-28T12:34:02Z" duration-ms="0" status="PASS">
          <reporter-output>
          </reporter-output>
        </test-method> <!-- afterTest -->
      </class> <!-- logueoTesting.TC01_Logueo -->
    </test> <!-- Default test -->
  </suite> <!-- Default suite -->
</testng-results>
